[31612:1] 2026-03-25 10:38:37.498 [0x4748(3) InitializeLog] [SET_LOGPATH] %programdata%\Geni\Insights\logs\cmon.cmd.exe.log
[31612:1] 2026-03-25 10:38:37.499 [0x4748(0) CxCommonApi::LogModuleInfo] [MODULE LOADING] ModuleName cmon64.dll, Version [2.0.0.1], ModulePath C:\Program Files\Geni\Insights\temp\cmon64.dll ModifiedTime 2025-11-13 19:02:54
[31612:1] 2026-03-25 10:38:37.499 [0x4748(183) CxConsoleMonitor::Initialize] [Initialize]
[31612:1] 2026-03-25 10:38:37.499 [0x4748(183) CxSensorPipeClient::Initialize] [Initialize]
[31612:1] 2026-03-25 10:38:37.500 [0x4748(0) CxThreadPool::Initialize] Queue init : OutputQue 0, nThreadPoolSize : 1
[31612:1] 2026-03-25 10:38:37.500 [0x4748(183) CxThreadPool::CreateThreadPool] Create 1 WorkerThread
[31612:1] 2026-03-25 10:38:37.500 [0x4748(183) CxConsoleMonitor::InstallHook] [InstallHook]
[31612:1] 2026-03-25 10:38:37.501 [0x4748(126) CxConsoleMonitor::xGetProcAddress] [GET_PROC_ADDR] ReadConsoleW from kernelbase.dll
[31612:1] 2026-03-25 10:38:37.502 [0x4748(183) CxConsoleMonitor::InstallHook] [INSTALL_HOOK] ReadConsoleW : cmd.exe:31612
[31612:1] 2026-03-25 10:38:37.502 [0x4748(183) CxConsoleMonitor::xGetProcAddress] [GET_PROC_ADDR] ReadConsoleInputW from kernelbase.dll
[31612:1] 2026-03-25 10:38:37.502 [0x4748(183) CxConsoleMonitor::InstallHook] [INSTALL_HOOK] RealReadConsoleInputW : cmd.exe:31612
[31612:1] 2026-03-25 10:38:37.502 [0x4748(183) CxConsoleMonitor::InstallHook] [SUCCESS]
[31612:1] 2026-03-25 10:38:37.503 [0x4748(183) CxConsoleMonitor::GetCmonProfileInfo] [REQ_CMON_PROFILE] 
[31612:1] 2026-03-25 10:38:37.503 [0x4748(0) CxConsoleMonitor::Initialize] [/Initialize] SUCCESS
[31612:1] 2026-03-25 10:38:37.504 [0x79F0(0) CxThreadPool::ThreadEntry] Worker Thread begins
[31612:1] 2026-03-25 10:38:37.505 [0x79F0(1) CxSensorPipeClient::SendJson] [SEND][ReqType:4] {
   "PID" : 31612,
   "ProcPath" : "C:\\WINDOWS\\system32\\cmd.exe",
   "ReqType" : "xSensorRequestType_GetCmonProfile"
}

[31612:1] 2026-03-25 10:38:37.506 [0x79F0(183) CxSensorPipeClient::SendJson] [RECV] {
   "MaxConsoleInputLength" : 1000
}

[31612:1] 2026-03-25 10:38:37.506 [0x79F0(183) CxConsoleMonitor::PipeResponseCallback] [RES_CALLBACK]
[31612:1] 2026-03-25 10:38:37.506 [0x79F0(183) CxConsoleMonitor::PipeResponseCallback] [CMON_PROFILE] MaxConsoleInputLength : 1000
[31612:1] 2026-03-25 10:38:37.589 [0x4748(126) CxConsoleMonitor::Uninitialize] [Uninitialize]
[31612:1] 2026-03-25 10:38:37.589 [0x4748(183) CxSensorPipeClient::Uninitialize] [Uninitialize]
[31612:1] 2026-03-25 10:38:37.589 [0x4748(183) CxSensorPipeClient::Uninitialize] [/Uninitialize]
[31612:1] 2026-03-25 10:38:37.590 [0x4748(183) CxConsoleMonitor::Uninitialize] [/Uninitialize] SUCCESS
